#
# A fatal error has been detected by the Java Runtime Environment:
#
#  EXCEPTION_ACCESS_VIOLATION (0xc0000005) at pc=0x000000005bc70273, pid=16144, tid=0x0000000000002580
#
# JRE version: OpenJDK Runtime Environment (8.0_332-b09) (build 1.8.0_332-b09)
# Java VM: OpenJDK 64-Bit Server VM (25.332-b09 mixed mode windows-amd64 compressed oops)
# Problematic frame:
# V  [jvm.dll+0xe0273]
#
# Failed to write core dump. Minidumps are not enabled by default on client versions of Windows
#
# If you would like to submit a bug report, please visit:
#   https://github.com/ojdkbuild/ojdkbuild/issues
#

---------------  T H R E A D  ---------------

Current thread (0x0000000017968000):  VMThread [stack: 0x0000000018e50000,0x0000000018f50000] [id=9600]

siginfo: ExceptionCode=0xc0000005, reading address 0x000000005d427d21

Registers:
RAX=0x00000000000000ff, RBX=0x0000000018f4f5d0, RCX=0x00000000185019f0, RDX=0x0000000000000002
RSP=0x0000000018f4f560, RBP=0x0000000017546697, RSI=0x0000000001010101, RDI=0x00000000000000ff
R8 =0x0000000017968900, R9 =0x0000000000000003, R10=0x0000000000000003, R11=0x0000000017546697
R12=0x000000005bb90000, R13=0x0000000018f4f5c0, R14=0x0000000018f4f5b0, R15=0x0000000000000001
RIP=0x000000005bc70273, EFLAGS=0x0000000000010206

Top of Stack: (sp=0x0000000018f4f560)
0x0000000018f4f560:   0000000018f4f5d0 0000000018f4f609
0x0000000018f4f570:   0000000017547bc0 0000000017547bc0
0x0000000018f4f580:   0000000017968900 000000005bd5b714
0x0000000018f4f590:   0000000018f4f609 0000000018f4f5b0
0x0000000018f4f5a0:   00000000000000b6 0000000017547bc0
0x0000000018f4f5b0:   0000000017547bc0 0000000017968000
0x0000000018f4f5c0:   0000000017547bc0 0000000017968000
0x0000000018f4f5d0:   0000000017546770 0000000017968000
0x0000000018f4f5e0:   0000009f0000009f 000000b600000103
0x0000000018f4f5f0:   0000000000000000 00000000000000b6
0x0000000018f4f600:   0000000017547bc0 0000000017968000
0x0000000018f4f610:   0000009f0000009c 000000b600000103
0x0000000018f4f620:   00000000027d0000 00000000000000b6
0x0000000018f4f630:   000000001944f7a0 0000000000000008
0x0000000018f4f640:   00000000185a3a88 0000000000000001
0x0000000018f4f650:   0000000000000000 0000000100087b10 

Instructions: (pc=0x000000005bc70273)
0x000000005bc70253:   0d 48 8b 0b 48 8b d0 e8 a1 36 fb ff 8b f8 4c 8d
0x000000005bc70263:   25 98 fd f1 ff 48 63 c7 49 63 b4 84 70 78 88 00
0x000000005bc70273:   42 0f b6 8c 26 20 7c 88 00 83 e1 0f 75 3d 44 0f
0x000000005bc70283:   b6 4d 00 41 81 f9 ca 00 00 00 75 0e 48 8b 0b 48 


Register to memory mapping:

RAX=0x00000000000000ff is an unknown value
RBX=0x0000000018f4f5d0 is an unknown value
RCX=0x00000000185019f0 is an unknown value
RDX=0x0000000000000002 is an unknown value
RSP=0x0000000018f4f560 is an unknown value
RBP=0x0000000017546697 is pointing into metadata
RSI=0x0000000001010101 is an unknown value
RDI=0x00000000000000ff is an unknown value
R8 =0x0000000017968900 is an unknown value
R9 =0x0000000000000003 is an unknown value
R10=0x0000000000000003 is an unknown value
R11=0x0000000017546697 is pointing into metadata
R12=0x000000005bb90000 is an unknown value
R13=0x0000000018f4f5c0 is an unknown value
R14=0x0000000018f4f5b0 is an unknown value
R15=0x0000000000000001 is an unknown value


Stack: [0x0000000018e50000,0x0000000018f50000],  sp=0x0000000018f4f560,  free space=1021k
Native frames: (J=compiled Java code, j=interpreted, Vv=VM code, C=native code)
V  [jvm.dll+0xe0273]
V  [jvm.dll+0x1cb714]
V  [jvm.dll+0x1b9b74]
V  [jvm.dll+0x1bdb7f]
V  [jvm.dll+0x1be4bb]
V  [jvm.dll+0x24a824]
V  [jvm.dll+0x2499d7]
V  [jvm.dll+0x249e14]
V  [jvm.dll+0x24a090]
V  [jvm.dll+0x29ecca]
C  [msvcr100.dll+0x21d9f]
C  [msvcr100.dll+0x21e3b]
C  [KERNEL32.DLL+0x17344]
C  [ntdll.dll+0x526b1]

VM_Operation (0x000000001944f7a0): RedefineClasses, mode: safepoint, requested by thread 0x00000000185a5000, redefining class RMain4



---------------  P R O C E S S  ---------------

Java Threads: ( => current thread )
  0x00000000186fa000 JavaThread "Service Thread" daemon [_thread_blocked, id=12360, stack(0x0000000019950000,0x0000000019a50000)]
  0x00000000186aa800 JavaThread "C1 CompilerThread2" daemon [_thread_blocked, id=7540, stack(0x0000000019850000,0x0000000019950000)]
  0x00000000186a9800 JavaThread "C2 CompilerThread1" daemon [_thread_blocked, id=3348, stack(0x0000000019750000,0x0000000019850000)]
  0x00000000186a2800 JavaThread "C2 CompilerThread0" daemon [_thread_blocked, id=12160, stack(0x0000000019650000,0x0000000019750000)]
  0x00000000185ab000 JavaThread "JDWP Command Reader" daemon [_thread_in_native, id=14160, stack(0x0000000019550000,0x0000000019650000)]
  0x00000000185aa000 JavaThread "JDWP Event Helper Thread" daemon [_thread_blocked, id=9368, stack(0x0000000019450000,0x0000000019550000)]
  0x00000000185a5000 JavaThread "JDWP Transport Listener: dt_socket" daemon [_thread_blocked, id=2136, stack(0x0000000019350000,0x0000000019450000)]
  0x0000000018582800 JavaThread "Attach Listener" daemon [_thread_blocked, id=3132, stack(0x0000000019250000,0x0000000019350000)]
  0x0000000018581000 JavaThread "Signal Dispatcher" daemon [_thread_blocked, id=9604, stack(0x0000000019150000,0x0000000019250000)]
  0x0000000017a2c000 JavaThread "Finalizer" daemon [_thread_blocked, id=4452, stack(0x0000000019050000,0x0000000019150000)]
  0x0000000017a2a800 JavaThread "Reference Handler" daemon [_thread_blocked, id=3000, stack(0x0000000018f50000,0x0000000019050000)]
  0x0000000002da8000 JavaThread "main" [_thread_in_native, id=1960, stack(0x0000000002660000,0x0000000002760000)]

Other Threads:
=>0x0000000017968000 VMThread [stack: 0x0000000018e50000,0x0000000018f50000] [id=9600]
  0x0000000018749000 WatcherThread [stack: 0x0000000019a50000,0x0000000019b50000] [id=15712]

VM state:at safepoint (normal execution)

VM Mutex/Monitor currently owned by a thread:  ([mutex/lock_event])
[0x0000000002da4e60] Threads_lock - owner thread: 0x0000000017968000

heap address: 0x0000000081400000, size: 2028 MB, Compressed Oops mode: 32-bit
Narrow klass base: 0x0000000000000000, Narrow klass shift: 3
Compressed class space size: 1073741824 Address: 0x0000000100000000

Heap:
 PSYoungGen      total 38400K, used 8121K [0x00000000d5c00000, 0x00000000d8680000, 0x0000000100000000)
  eden space 33280K, 24% used [0x00000000d5c00000,0x00000000d63ee590,0x00000000d7c80000)
  from space 5120K, 0% used [0x00000000d8180000,0x00000000d8180000,0x00000000d8680000)
  to   space 5120K, 0% used [0x00000000d7c80000,0x00000000d7c80000,0x00000000d8180000)
 ParOldGen       total 87552K, used 0K [0x0000000081400000, 0x0000000086980000, 0x00000000d5c00000)
  object space 87552K, 0% used [0x0000000081400000,0x0000000081400000,0x0000000086980000)
 Metaspace       used 6357K, capacity 6526K, committed 6656K, reserved 1056768K
  class space    used 617K, capacity 661K, committed 768K, reserved 1048576K

Card table byte_map: [0x0000000012220000,0x0000000012620000] byte_map_base: 0x0000000011e16000

Marking Bits: (ParMarkBitMap*) 0x000000005c43a100
 Begin Bits: [0x0000000012cd0000, 0x0000000014c80000)
 End Bits:   [0x0000000014c80000, 0x0000000016c30000)

Polling page: 0x0000000000e70000

CodeCache: size=245760Kb used=1447Kb max_used=1458Kb free=244312Kb
 bounds [0x0000000002e60000, 0x00000000030d0000, 0x0000000011e60000]
 total_blobs=459 nmethods=162 adapters=217
 compilation: enabled

Compilation events (250 events):
Event: 0.542 Thread 0x00000000186a9800 nmethod 29 0x0000000002f80a90 code [0x0000000002f80bc0, 0x0000000002f80c58]
Event: 0.542 Thread 0x00000000186aa800 nmethod 30 0x0000000002f7c510 code [0x0000000002f7c6e0, 0x0000000002f7ce38]
Event: 0.542 Thread 0x00000000186aa800   31       3       java.lang.String::startsWith (72 bytes)
Event: 0.543 Thread 0x00000000186aa800 nmethod 31 0x0000000002f7be90 code [0x0000000002f7c000, 0x0000000002f7c330]
Event: 0.543 Thread 0x00000000186aa800   32       3       java.lang.String::lastIndexOf (52 bytes)
Event: 0.543 Thread 0x00000000186a2800   33       4       java.lang.Character::toUpperCaseEx (30 bytes)
Event: 0.543 Thread 0x00000000186a9800   34       4       java.lang.CharacterDataLatin1::toUpperCaseEx (71 bytes)
Event: 0.543 Thread 0x00000000186aa800 nmethod 32 0x0000000002f803d0 code [0x0000000002f80560, 0x0000000002f80908]
Event: 0.543 Thread 0x00000000186aa800   44       2       java.lang.Integer::reverseBytes (26 bytes)
Event: 0.543 Thread 0x00000000186aa800 nmethod 44 0x0000000002f7fd10 code [0x0000000002f7fe60, 0x0000000002f7ffb0]
Event: 0.544 Thread 0x00000000186a9800 nmethod 34 0x0000000002f7fa10 code [0x0000000002f7fb40, 0x0000000002f7fc38]
Event: 0.544 Thread 0x00000000186aa800   45       3       java.util.Objects::requireNonNull (14 bytes)
Event: 0.544 Thread 0x00000000186a9800   39       4       sun.security.provider.SHA2::lf_sigma1 (21 bytes)
Event: 0.544 Thread 0x00000000186aa800 nmethod 45 0x0000000002f7f590 code [0x0000000002f7f700, 0x0000000002f7f928]
Event: 0.544 Thread 0x00000000186a9800 nmethod 39 0x0000000002f7bc50 code [0x0000000002f7bd80, 0x0000000002f7bdd8]
Event: 0.544 Thread 0x00000000186aa800   46 %     3       sun.security.provider.SHA2::implCompress0 @ 133 (322 bytes)
Event: 0.544 Thread 0x00000000186a9800   40       4       sun.security.provider.SHA2::lf_ch (10 bytes)
Event: 0.544 Thread 0x00000000186a9800 nmethod 40 0x0000000002f7f390 code [0x0000000002f7f4c0, 0x0000000002f7f518]
Event: 0.544 Thread 0x00000000186a9800   41       4       sun.security.provider.SHA2::lf_sigma0 (20 bytes)
Event: 0.544 Thread 0x00000000186a2800 nmethod 33 0x0000000002f825d0 code [0x0000000002f827e0, 0x0000000002f82958]
Event: 0.544 Thread 0x00000000186a2800   42       4       sun.security.provider.SHA2::lf_maj (12 bytes)
Event: 0.544 Thread 0x00000000186a9800 nmethod 41 0x0000000002f7f190 code [0x0000000002f7f2c0, 0x0000000002f7f318]
Event: 0.544 Thread 0x00000000186a9800   35       4       sun.security.provider.SHA2::lf_delta1 (21 bytes)
Event: 0.545 Thread 0x00000000186a2800 nmethod 42 0x0000000002f80ed0 code [0x0000000002f81000, 0x0000000002f81058]
Event: 0.545 Thread 0x00000000186a2800   36       4       sun.security.provider.SHA2::lf_delta0 (20 bytes)
Event: 0.545 Thread 0x00000000186a9800 nmethod 35 0x0000000002f80cd0 code [0x0000000002f80e00, 0x0000000002f80e58]
Event: 0.545 Thread 0x00000000186a9800   37       4       sun.security.provider.SHA2::lf_S (11 bytes)
Event: 0.545 Thread 0x00000000186a2800 nmethod 36 0x0000000002f837d0 code [0x0000000002f83900, 0x0000000002f83958]
Event: 0.545 Thread 0x00000000186a2800   38       4       sun.security.provider.SHA2::lf_R (4 bytes)
Event: 0.545 Thread 0x00000000186a9800 nmethod 37 0x0000000002f69650 code [0x0000000002f69780, 0x0000000002f697b8]
Event: 0.545 Thread 0x00000000186aa800 nmethod 46% 0x0000000002f85110 code [0x0000000002f85360, 0x0000000002f86390]
Event: 0.545 Thread 0x00000000186a2800 nmethod 38 0x0000000002f74250 code [0x0000000002f74380, 0x0000000002f743b8]
Event: 0.545 Thread 0x00000000186aa800   47       3       sun.security.provider.SHA2::implCompress0 (322 bytes)
Event: 0.546 Thread 0x00000000186aa800 nmethod 47 0x0000000002f87610 code [0x0000000002f87860, 0x0000000002f88630]
Event: 0.546 Thread 0x00000000186aa800   49       3       sun.security.provider.SHA2::implCompressCheck (15 bytes)
Event: 0.546 Thread 0x00000000186a9800   51       4       java.lang.Integer::reverseBytes (26 bytes)
Event: 0.546 Thread 0x00000000186a2800   52 %     4       sun.security.provider.SHA2::implCompress0 @ 3 (322 bytes)
Event: 0.547 Thread 0x00000000186aa800 nmethod 49 0x0000000002f831d0 code [0x0000000002f83360, 0x0000000002f83658]
Event: 0.547 Thread 0x00000000186aa800   50       3       sun.security.provider.ByteArrayAccess::b2iBig64 (614 bytes)
Event: 0.547 Thread 0x00000000186a9800 nmethod 51 0x0000000002f82fd0 code [0x0000000002f83100, 0x0000000002f83178]
Event: 0.548 Thread 0x00000000186aa800 nmethod 50 0x0000000002f839d0 code [0x0000000002f83c00, 0x0000000002f849a8]
Event: 0.548 Thread 0x00000000186aa800   48       3       sun.security.provider.SHA2::implCompress (13 bytes)
Event: 0.548 Thread 0x00000000186aa800 nmethod 48 0x0000000002f81e50 code [0x0000000002f82000, 0x0000000002f823a8]
Event: 0.556 Thread 0x00000000186a9800   53       4       java.lang.String::hashCode (55 bytes)
Event: 0.558 Thread 0x00000000186a9800 nmethod 53 0x0000000002f81890 code [0x0000000002f819c0, 0x0000000002f81b58]
Event: 0.558 Thread 0x00000000186aa800   54       3       java.lang.String::endsWith (17 bytes)
Event: 0.559 Thread 0x00000000186aa800 nmethod 54 0x0000000002f813d0 code [0x0000000002f81540, 0x0000000002f81788]
Event: 0.560 Thread 0x00000000186aa800   55       3       java.util.HashMap::getNode (148 bytes)
Event: 0.560 Thread 0x00000000186aa800 nmethod 55 0x0000000002f8b350 code [0x0000000002f8b520, 0x0000000002f8bee8]
Event: 0.560 Thread 0x00000000186aa800   57       3       java.lang.Math::max (11 bytes)
Event: 0.560 Thread 0x00000000186aa800 nmethod 57 0x0000000002f8b010 code [0x0000000002f8b160, 0x0000000002f8b2f0]
Event: 0.560 Thread 0x00000000186aa800   56       3       java.util.LinkedHashMap::get (33 bytes)
Event: 0.561 Thread 0x00000000186aa800 nmethod 56 0x0000000002f8a7d0 code [0x0000000002f8a960, 0x0000000002f8ae68]
Event: 0.561 Thread 0x00000000186aa800   60       3       java.lang.String::getChars (62 bytes)
Event: 0.561 Thread 0x00000000186aa800 nmethod 60 0x0000000002f89e90 code [0x0000000002f8a060, 0x0000000002f8a518]
Event: 0.561 Thread 0x00000000186aa800   59       1       java.net.URL::getHost (5 bytes)
Event: 0.561 Thread 0x00000000186aa800 nmethod 59 0x0000000002f810d0 code [0x0000000002f81220, 0x0000000002f81330]
Event: 0.561 Thread 0x00000000186aa800   61       3       java.lang.String::equalsIgnoreCase (48 bytes)
Event: 0.561 Thread 0x00000000186aa800 nmethod 61 0x0000000002f8c5d0 code [0x0000000002f8c740, 0x0000000002f8caa8]
Event: 0.561 Thread 0x00000000186aa800   62       3       java.util.HashMap::hash (20 bytes)
Event: 0.561 Thread 0x00000000186aa800 nmethod 62 0x0000000002f8cbd0 code [0x0000000002f8cd40, 0x0000000002f8cfa8]
Event: 0.561 Thread 0x00000000186aa800   63       3       java.util.ArrayList::rangeCheck (22 bytes)
Event: 0.562 Thread 0x00000000186aa800 nmethod 63 0x0000000002f8d050 code [0x0000000002f8d260, 0x0000000002f8dd18]
Event: 0.562 Thread 0x00000000186aa800   64       3       java.util.ArrayList::get (11 bytes)
Event: 0.562 Thread 0x00000000186aa800 nmethod 64 0x0000000002f8e310 code [0x0000000002f8e4a0, 0x0000000002f8e7f8]
Event: 0.562 Thread 0x00000000186aa800   67       3       java.lang.Character::toLowerCase (6 bytes)
Event: 0.562 Thread 0x00000000186aa800 nmethod 67 0x0000000002f8ea50 code [0x0000000002f8ebc0, 0x0000000002f8ee58]
Event: 0.562 Thread 0x00000000186aa800   65       1       java.net.URL::getPath (5 bytes)
Event: 0.562 Thread 0x00000000186aa800 nmethod 65 0x0000000002f8ef90 code [0x0000000002f8f0e0, 0x0000000002f8f1f0]
Event: 0.562 Thread 0x00000000186aa800   66       1       java.net.URL::getAuthority (5 bytes)
Event: 0.563 Thread 0x00000000186aa800 nmethod 66 0x0000000002f8f250 code [0x0000000002f8f3a0, 0x0000000002f8f4b0]
Event: 0.563 Thread 0x00000000186aa800   68       3       java.lang.String::substring (79 bytes)
Event: 0.564 Thread 0x00000000186aa800 nmethod 68 0x0000000002f8f510 code [0x0000000002f8f6e0, 0x0000000002f8fbd8]
Event: 0.564 Thread 0x00000000186aa800   70       3       java.lang.String::<init> (82 bytes)
Event: 0.564 Thread 0x00000000186aa800 nmethod 70 0x0000000002f8fe90 code [0x0000000002f90060, 0x0000000002f90598]
Event: 0.564 Thread 0x00000000186aa800   69       3       java.io.WinNTFileSystem::isLetter (30 bytes)
Event: 0.564 Thread 0x00000000186aa800 nmethod 69 0x0000000002f908d0 code [0x0000000002f90a40, 0x0000000002f90c90]
Event: 0.564 Thread 0x00000000186aa800   71       3       java.lang.ref.Reference::<init> (25 bytes)
Event: 0.565 Thread 0x00000000186aa800 nmethod 71 0x0000000002f90d10 code [0x0000000002f90e80, 0x0000000002f910d0]
Event: 0.566 Thread 0x00000000186a2800 nmethod 52% 0x0000000002f94d90 code [0x0000000002f94f00, 0x0000000002f95ab8]
Event: 0.567 Thread 0x00000000186aa800   72       3       sun.reflect.ClassFileAssembler::emitByte (11 bytes)
Event: 0.567 Thread 0x00000000186aa800 nmethod 72 0x0000000002f94950 code [0x0000000002f94ac0, 0x0000000002f94ca8]
Event: 0.567 Thread 0x00000000186aa800   73       3       sun.reflect.ByteVectorImpl::add (38 bytes)
Event: 0.567 Thread 0x00000000186aa800 nmethod 73 0x0000000002f94490 code [0x0000000002f94600, 0x0000000002f94828]
Event: 0.568 Thread 0x00000000186aa800   74       3       java.util.HashMap::newNode (13 bytes)
Event: 0.569 Thread 0x00000000186aa800 nmethod 74 0x0000000002f93f10 code [0x0000000002f94080, 0x0000000002f94330]
Event: 0.569 Thread 0x00000000186aa800   75       3       java.util.HashMap::afterNodeInsertion (1 bytes)
Event: 0.569 Thread 0x00000000186aa800 nmethod 75 0x0000000002f93c10 code [0x0000000002f93d60, 0x0000000002f93eb0]
Event: 0.569 Thread 0x00000000186a9800   76       4       sun.security.provider.SHA2::implCompress0 (322 bytes)
Event: 0.570 Thread 0x00000000186aa800   77       3       java.lang.String::replace (127 bytes)
Event: 0.570 Thread 0x00000000186aa800 nmethod 77 0x0000000002f92c10 code [0x0000000002f92dc0, 0x0000000002f93470]
Event: 0.574 Thread 0x00000000186aa800   79       1       java.net.URL::getFile (5 bytes)
Event: 0.574 Thread 0x00000000186aa800 nmethod 79 0x0000000002f92950 code [0x0000000002f92aa0, 0x0000000002f92bb0]
Event: 0.574 Thread 0x00000000186aa800   80       3       java.lang.System::getSecurityManager (4 bytes)
Event: 0.575 Thread 0x00000000186aa800 nmethod 80 0x0000000002f92650 code [0x0000000002f927a0, 0x0000000002f928d0]
Event: 0.575 Thread 0x00000000186aa800   81       3       java.util.Vector::ensureCapacityHelper (16 bytes)
Event: 0.575 Thread 0x00000000186aa800 nmethod 81 0x0000000002f91e90 code [0x0000000002f92000, 0x0000000002f921e8]
Event: 0.575 Thread 0x00000000186aa800   82       3       java.util.concurrent.ConcurrentHashMap::tabAt (21 bytes)
Event: 0.575 Thread 0x00000000186aa800 nmethod 82 0x0000000002f91a50 code [0x0000000002f91ba0, 0x0000000002f91dd0]
Event: 0.575 Thread 0x00000000186aa800   84       3       java.lang.String::lastIndexOf (151 bytes)
Event: 0.576 Thread 0x00000000186aa800 nmethod 84 0x0000000002f95f90 code [0x0000000002f96140, 0x0000000002f966b0]
Event: 0.577 Thread 0x00000000186aa800   85       3       java.lang.AbstractStringBuilder::newCapacity (39 bytes)
Event: 0.578 Thread 0x00000000186aa800 nmethod 85 0x0000000002f96b90 code [0x0000000002f96d20, 0x0000000002f97128]
Event: 0.578 Thread 0x00000000186aa800   86       3       java.util.Arrays::copyOf (19 bytes)
Event: 0.578 Thread 0x00000000186aa800 nmethod 86 0x0000000002f972d0 code [0x0000000002f97440, 0x0000000002f97788]
Event: 0.578 Thread 0x00000000186aa800   87       3       java.util.HashMap::get (23 bytes)
Event: 0.579 Thread 0x00000000186aa800 nmethod 87 0x0000000002f978d0 code [0x0000000002f97a60, 0x0000000002f97e78]
Event: 0.579 Thread 0x00000000186aa800   88       3       java.util.zip.ZStreamRef::address (5 bytes)
Event: 0.579 Thread 0x00000000186aa800 nmethod 88 0x0000000002f91750 code [0x0000000002f918a0, 0x0000000002f919f0]
Event: 0.579 Thread 0x00000000186aa800   89       1       java.net.URL::getRef (5 bytes)
Event: 0.579 Thread 0x00000000186aa800 nmethod 89 0x0000000002f97fd0 code [0x0000000002f98120, 0x0000000002f98230]
Event: 0.579 Thread 0x00000000186aa800   90       3       java.lang.String::indexOf (7 bytes)
Event: 0.579 Thread 0x00000000186aa800 nmethod 90 0x0000000002f98290 code [0x0000000002f98400, 0x0000000002f986a8]
Event: 0.579 Thread 0x00000000186aa800   91       3       java.lang.StringBuilder::append (8 bytes)
Event: 0.579 Thread 0x00000000186aa800 nmethod 91 0x0000000002f98810 code [0x0000000002f98980, 0x0000000002f98b28]
Event: 0.582 Thread 0x00000000186aa800   93  s!   3       sun.misc.URLClassPath::getLoader (243 bytes)
Event: 0.582 Thread 0x00000000186a2800   94       4       java.lang.CharacterDataLatin1::toLowerCase (39 bytes)
Event: 0.583 Thread 0x00000000186a2800 nmethod 94 0x0000000002f9b890 code [0x0000000002f9b9c0, 0x0000000002f9ba98]
Event: 0.584 Thread 0x00000000186aa800 nmethod 93 0x0000000002f9bb50 code [0x0000000002f9bf80, 0x0000000002f9ecb8]
Event: 0.584 Thread 0x00000000186aa800   95       3       sun.nio.cs.UTF_8$Decoder::decode (779 bytes)
Event: 0.586 Thread 0x00000000186a9800 nmethod 76 0x0000000002f98d90 code [0x0000000002f98ee0, 0x0000000002f99718]
Event: 0.591 Thread 0x00000000186aa800 nmethod 95 0x0000000002fa2910 code [0x0000000002fa2fe0, 0x0000000002fa7d18]
Event: 0.591 Thread 0x00000000186aa800  101  s    3       java.util.Hashtable::put (104 bytes)
Event: 0.591 Thread 0x00000000186aa800 nmethod 101 0x0000000002f9a1d0 code [0x0000000002f9a3a0, 0x0000000002f9ab58]
Event: 0.591 Thread 0x00000000186aa800  102       3       java.util.HashMap::putVal (300 bytes)
Event: 0.593 Thread 0x00000000186aa800 nmethod 102 0x0000000002fa09d0 code [0x0000000002fa0c40, 0x0000000002fa1f78]
Event: 0.593 Thread 0x00000000186aa800   97       3       java.util.concurrent.ConcurrentHashMap::setTabAt (19 bytes)
Event: 0.593 Thread 0x00000000186aa800 nmethod 97 0x0000000002fabdd0 code [0x0000000002fabf20, 0x0000000002fac090]
Event: 0.593 Thread 0x00000000186aa800   92  s    3       sun.misc.URLClassPath::getNextLoader (88 bytes)
Event: 0.593 Thread 0x00000000186aa800 nmethod 92 0x0000000002fac110 code [0x0000000002fac300, 0x0000000002facbc8]
Event: 0.593 Thread 0x00000000186aa800   96       3       java.util.concurrent.ConcurrentHashMap::spread (10 bytes)
Event: 0.593 Thread 0x00000000186aa800 nmethod 96 0x0000000002fad110 code [0x0000000002fad260, 0x0000000002fad3b0]
Event: 0.593 Thread 0x00000000186aa800  100       3       java.util.concurrent.ConcurrentHashMap::casTabAt (20 bytes)
Event: 0.594 Thread 0x00000000186aa800 nmethod 100 0x0000000002fad410 code [0x0000000002fad560, 0x0000000002fad6d0]
Event: 0.594 Thread 0x00000000186aa800  104       3       java.lang.String::toCharArray (25 bytes)
Event: 0.594 Thread 0x00000000186aa800 nmethod 104 0x0000000002fad750 code [0x0000000002fad8c0, 0x0000000002fadb48]
Event: 0.594 Thread 0x00000000186aa800  103       1       java.util.jar.Manifest::getEntries (5 bytes)
Event: 0.594 Thread 0x00000000186aa800 nmethod 103 0x0000000002fadc10 code [0x0000000002fadd60, 0x0000000002fade70]
Event: 0.596 Thread 0x00000000186aa800  105       1       java.net.URL::getQuery (5 bytes)
Event: 0.596 Thread 0x00000000186aa800 nmethod 105 0x0000000002fae750 code [0x0000000002fae8a0, 0x0000000002fae9b0]
Event: 0.596 Thread 0x00000000186aa800  106       3       java.io.WinNTFileSystem::normalize (143 bytes)
Event: 0.597 Thread 0x00000000186aa800 nmethod 106 0x0000000002faea10 code [0x0000000002faec00, 0x0000000002faf488]
Event: 0.597 Thread 0x00000000186aa800  108       3       sun.security.x509.X509CertImpl::getEncodedInternal (22 bytes)
Event: 0.597 Thread 0x00000000186aa800 nmethod 108 0x0000000002faf890 code [0x0000000002fafa00, 0x0000000002fafc28]
Event: 0.597 Thread 0x00000000186aa800  107       3       java.util.Arrays::copyOf (46 bytes)
Event: 0.598 Thread 0x00000000186aa800 nmethod 107 0x0000000002fafd10 code [0x0000000002fafec0, 0x0000000002fb0568]
Event: 0.600 Thread 0x00000000186aa800  109       3       java.lang.Character::toUpperCase (6 bytes)
Event: 0.600 Thread 0x00000000186aa800 nmethod 109 0x0000000002fb0bd0 code [0x0000000002fb0d40, 0x0000000002fb0fd8]
Event: 0.600 Thread 0x00000000186aa800  111       3       java.util.Arrays::copyOf (19 bytes)
Event: 0.600 Thread 0x00000000186aa800 nmethod 111 0x0000000002fb1110 code [0x0000000002fb1280, 0x0000000002fb15c8]
Event: 0.600 Thread 0x00000000186aa800  110       3       java.lang.Character::toUpperCase (9 bytes)
Event: 0.601 Thread 0x00000000186aa800 nmethod 110 0x0000000002fb1710 code [0x0000000002fb1880, 0x0000000002fb1ab8]
Event: 0.601 Thread 0x00000000186aa800  112       3       java.util.Hashtable$Entry::<init> (26 bytes)
Event: 0.601 Thread 0x00000000186aa800 nmethod 112 0x0000000002fb1b90 code [0x0000000002fb1ce0, 0x0000000002fb1ed0]
Event: 0.601 Thread 0x00000000186aa800  113       3       sun.security.x509.X509CertImpl::getEncodedInternal (20 bytes)
Event: 0.601 Thread 0x00000000186aa800 nmethod 113 0x0000000002fb1f90 code [0x0000000002fb2140, 0x0000000002fb2698]
Event: 0.601 Thread 0x00000000186aa800  114   !   3       java.security.cert.Certificate::equals (38 bytes)
Event: 0.602 Thread 0x00000000186aa800 nmethod 114 0x0000000002fb2850 code [0x0000000002fb2a80, 0x0000000002fb37e8]
Event: 0.602 Thread 0x00000000186aa800  115  s    3       java.util.Vector::addElement (38 bytes)
Event: 0.602 Thread 0x00000000186aa800 nmethod 115 0x0000000002fb3e50 code [0x0000000002fb3fe0, 0x0000000002fb4508]
Event: 0.608 Thread 0x00000000186aa800  117       1       java.lang.ref.Reference::get (5 bytes)
Event: 0.608 Thread 0x00000000186aa800 nmethod 117 0x0000000002fb4a90 code [0x0000000002fb4be0, 0x0000000002fb4cf0]
Event: 0.608 Thread 0x00000000186aa800  118       1       java.util.zip.ZipFile::access$000 (5 bytes)
Event: 0.608 Thread 0x00000000186aa800 nmethod 118 0x0000000002fb4d50 code [0x0000000002fb4ea0, 0x0000000002fb4f90]
Event: 0.608 Thread 0x00000000186aa800  119       1       java.net.URL::getPort (5 bytes)
Event: 0.608 Thread 0x00000000186aa800 nmethod 119 0x0000000002fb5010 code [0x0000000002fb5160, 0x0000000002fb5270]
Event: 0.613 Thread 0x00000000186aa800  120       3       java.util.HashMap::put (13 bytes)
Event: 0.613 Thread 0x00000000186aa800 nmethod 120 0x0000000002fb5710 code [0x0000000002fb58a0, 0x0000000002fb5c58]
Event: 0.622 Thread 0x00000000186a2800  121       4       java.lang.Character::toLowerCase (9 bytes)
Event: 0.623 Thread 0x00000000186aa800  122       3       java.lang.StringBuilder::toString (17 bytes)
Event: 0.623 Thread 0x00000000186aa800 nmethod 122 0x0000000002fb5fd0 code [0x0000000002fb6140, 0x0000000002fb6348]
Event: 0.623 Thread 0x00000000186aa800  123       1       java.nio.Buffer::position (5 bytes)
Event: 0.623 Thread 0x00000000186aa800 nmethod 123 0x0000000002fb6410 code [0x0000000002fb6560, 0x0000000002fb6670]
Event: 0.623 Thread 0x00000000186aa800  124       1       java.lang.ThreadLocal::access$400 (5 bytes)
Event: 0.623 Thread 0x00000000186aa800 nmethod 124 0x0000000002fb6c50 code [0x0000000002fb6da0, 0x0000000002fb6e90]
Event: 0.623 Thread 0x00000000186aa800  125       3       java.lang.String::toLowerCase (439 bytes)
Event: 0.624 Thread 0x00000000186a2800 nmethod 121 0x0000000002fb7850 code [0x0000000002fb7a60, 0x0000000002fb7bf8]
Event: 0.626 Thread 0x00000000186aa800 nmethod 125 0x0000000002fb7dd0 code [0x0000000002fb8100, 0x0000000002fb9a18]
Event: 0.626 Thread 0x00000000186aa800  126       1       java.io.File::getPath (5 bytes)
Event: 0.626 Thread 0x00000000186aa800 nmethod 126 0x0000000002fb6990 code [0x0000000002fb6ae0, 0x0000000002fb6bf0]
Event: 0.626 Thread 0x00000000186aa800  127       3       java.lang.String::<init> (10 bytes)
Event: 0.626 Thread 0x00000000186aa800 nmethod 127 0x0000000002fb7490 code [0x0000000002fb75e0, 0x0000000002fb77b0]
Event: 0.627 Thread 0x00000000186aa800  128       3       sun.util.locale.LocaleUtils::isUpper (18 bytes)
Event: 0.627 Thread 0x00000000186aa800 nmethod 128 0x0000000002fb7110 code [0x0000000002fb7260, 0x0000000002fb7430]
Event: 0.628 Thread 0x00000000186aa800  129       1       java.nio.Buffer::limit (5 bytes)
Event: 0.628 Thread 0x00000000186aa800 nmethod 129 0x0000000002fb66d0 code [0x0000000002fb6820, 0x0000000002fb6930]
Event: 0.629 Thread 0x00000000186aa800  130       3       sun.nio.cs.ext.DoubleByte$Encoder::encodeChar (21 bytes)
Event: 0.629 Thread 0x00000000186aa800 nmethod 130 0x0000000002fbaa10 code [0x0000000002fbab80, 0x0000000002fbad30]
Event: 0.630 Thread 0x00000000186a9800  131       4       sun.misc.ASCIICaseInsensitiveComparator::toLower (16 bytes)
Event: 0.630 Thread 0x00000000186a2800  132       4       sun.misc.ASCIICaseInsensitiveComparator::isUpper (18 bytes)
Event: 0.630 Thread 0x00000000186aa800  133       3       java.lang.AbstractStringBuilder::<init> (12 bytes)
Event: 0.630 Thread 0x00000000186a2800 nmethod 132 0x0000000002fb6f10 code [0x0000000002fb7040, 0x0000000002fb7098]
Event: 0.630 Thread 0x00000000186a9800 nmethod 131 0x0000000002fbdb10 code [0x0000000002fbdc40, 0x0000000002fbdc98]
Event: 0.630 Thread 0x00000000186aa800 nmethod 133 0x0000000002fbd690 code [0x0000000002fbd800, 0x0000000002fbda50]
Event: 0.631 Thread 0x00000000186aa800  134       3       org.eclipse.jdt.launching.internal.org.objectweb.asm.ClassReader::readUnsignedShort (26 bytes)
Event: 0.631 Thread 0x00000000186aa800 nmethod 134 0x0000000002fbd290 code [0x0000000002fbd3e0, 0x0000000002fbd590]
Event: 0.631 Thread 0x00000000186aa800  135       3       org.eclipse.jdt.launching.internal.org.objectweb.asm.ClassReader::readUtf (44 bytes)
Event: 0.631 Thread 0x00000000186aa800 nmethod 135 0x0000000002fbc910 code [0x0000000002fbcaa0, 0x0000000002fbcf08]
Event: 0.631 Thread 0x00000000186aa800  136       3       java.nio.Buffer::checkIndex (22 bytes)
Event: 0.631 Thread 0x00000000186aa800 nmethod 136 0x0000000002fbc3d0 code [0x0000000002fbc540, 0x0000000002fbc7e8]
Event: 0.631 Thread 0x00000000186aa800  137       3       java.nio.DirectLongBufferU::ix (10 bytes)
Event: 0.632 Thread 0x00000000186aa800 nmethod 137 0x0000000002fbc090 code [0x0000000002fbc1e0, 0x0000000002fbc350]
Event: 0.632 Thread 0x00000000186aa800  138       3       org.eclipse.jdt.launching.internal.org.objectweb.asm.ClassReader::getItem (7 bytes)
Event: 0.632 Thread 0x00000000186aa800 nmethod 138 0x0000000002fbbcd0 code [0x0000000002fbbe20, 0x0000000002fbbf90]
Event: 0.632 Thread 0x00000000186aa800  139       3       org.eclipse.jdt.launching.internal.org.objectweb.asm.SymbolTable::hash (10 bytes)
Event: 0.632 Thread 0x00000000186aa800 nmethod 139 0x0000000002fbb890 code [0x0000000002fbba00, 0x0000000002fbbc08]
Event: 0.633 Thread 0x00000000186aa800  140   !   3       java.util.concurrent.ConcurrentHashMap::putVal (362 bytes)
Event: 0.636 Thread 0x00000000186aa800 nmethod 140 0x0000000002fbdd10 code [0x0000000002fbe000, 0x0000000002fbfad8]
Event: 0.636 Thread 0x00000000186aa800  141       3       java.util.concurrent.ConcurrentHashMap::addCount (292 bytes)
Event: 0.637 Thread 0x00000000186aa800 nmethod 141 0x0000000002fc0890 code [0x0000000002fc0aa0, 0x0000000002fc1688]
Event: 0.637 Thread 0x00000000186aa800  144       3       java.io.BufferedInputStream::getBufIfOpen (21 bytes)
Event: 0.638 Thread 0x00000000186aa800 nmethod 144 0x0000000002fbb010 code [0x0000000002fbb180, 0x0000000002fbb3e8]
Event: 0.638 Thread 0x00000000186aa800  145  s    3       java.io.BufferedInputStream::read (49 bytes)
Event: 0.638 Thread 0x00000000186aa800 nmethod 145 0x0000000002fc1ad0 code [0x0000000002fc1c80, 0x0000000002fc21f8]
Event: 0.638 Thread 0x00000000186aa800  146       3       java.io.DataInputStream::readInt (72 bytes)
Event: 0.638 Thread 0x00000000186aa800 nmethod 146 0x0000000002fc2410 code [0x0000000002fc25c0, 0x0000000002fc2b28]
Event: 0.638 Thread 0x00000000186aa800  147       3       java.util.HashSet::add (20 bytes)
Event: 0.639 Thread 0x00000000186aa800 nmethod 147 0x0000000002fc2d90 code [0x0000000002fc2f20, 0x0000000002fc3438]
Event: 0.639 Thread 0x00000000186aa800  143       3       java.util.concurrent.ConcurrentHashMap::put (8 bytes)
Event: 0.639 Thread 0x00000000186aa800 nmethod 143 0x0000000002fc3610 code [0x0000000002fc3780, 0x0000000002fc39a8]
Event: 0.639 Thread 0x00000000186aa800  148   !   3       sun.misc.URLClassPath$JarLoader::getResource (85 bytes)
Event: 0.640 Thread 0x00000000186aa800 nmethod 148 0x0000000002fc3a50 code [0x0000000002fc3c80, 0x0000000002fc4778]
Event: 0.640 Thread 0x00000000186aa800  150       3       org.eclipse.jdt.launching.internal.org.objectweb.asm.SymbolTable$Entry::<init> (17 bytes)
Event: 0.641 Thread 0x00000000186aa800 nmethod 150 0x0000000002fc4d10 code [0x0000000002fc4e80, 0x0000000002fc5068]
Event: 0.641 Thread 0x00000000186aa800  155       3       org.eclipse.jdt.launching.internal.org.objectweb.asm.ClassReader::readUtf (161 bytes)
Event: 0.641 Thread 0x00000000186aa800 nmethod 155 0x0000000002fc5110 code [0x0000000002fc52a0, 0x0000000002fc5768]
Event: 0.641 Thread 0x00000000186aa800  151       3       org.eclipse.jdt.launching.internal.org.objectweb.asm.Symbol::<init> (38 bytes)
Event: 0.641 Thread 0x00000000186aa800 nmethod 151 0x0000000002fc5bd0 code [0x0000000002fc5d20, 0x0000000002fc5f30]
Event: 0.641 Thread 0x00000000186aa800  152       3       org.eclipse.jdt.launching.internal.org.objectweb.asm.SymbolTable::add (39 bytes)
Event: 0.641 Thread 0x00000000186aa800 nmethod 152 0x0000000002fc6010 code [0x0000000002fc6180, 0x0000000002fc6470]
Event: 0.641 Thread 0x00000000186aa800  153       3       org.eclipse.jdt.launching.internal.org.objectweb.asm.ClassReader::readUTF8 (23 bytes)
Event: 0.642 Thread 0x00000000186aa800 nmethod 153 0x0000000002fc65d0 code [0x0000000002fc6740, 0x0000000002fc6aa8]
Event: 0.642 Thread 0x00000000186aa800  154       3       org.eclipse.jdt.launching.internal.org.objectweb.asm.SymbolTable::addConstantUtf8Reference (20 bytes)
Event: 0.642 Thread 0x00000000186aa800 nmethod 154 0x0000000002fc6c50 code [0x0000000002fc6de0, 0x0000000002fc7228]
Event: 0.642 Thread 0x00000000186aa800  149       3       java.io.InputStream::<init> (5 bytes)
Event: 0.642 Thread 0x00000000186aa800 nmethod 149 0x0000000002fc7490 code [0x0000000002fc7600, 0x0000000002fc77b0]
Event: 0.642 Thread 0x00000000186aa800  156       3       org.eclipse.jdt.launching.internal.org.objectweb.asm.SymbolTable::addConstantUtf8 (20 bytes)
Event: 0.642 Thread 0x00000000186aa800 nmethod 156 0x0000000002fc7890 code [0x0000000002fc7a20, 0x0000000002fc7e48]
Event: 0.642 Thread 0x00000000186aa800  157       1       java.security.ProtectionDomain::getCodeSource (5 bytes)
Event: 0.642 Thread 0x00000000186aa800 nmethod 157 0x0000000002fc8090 code [0x0000000002fc81e0, 0x0000000002fc82f0]
Event: 8.370 Thread 0x00000000186aa800  158       3       java.nio.Buffer::position (40 bytes)
Event: 8.370 Thread 0x00000000186a9800  159       4       java.lang.String::equals (81 bytes)
Event: 8.371 Thread 0x00000000186aa800 nmethod 158 0x0000000002fc8fd0 code [0x0000000002fc9140, 0x0000000002fc9428]
Event: 8.371 Thread 0x00000000186aa800  160       3       java.nio.ByteBuffer::arrayOffset (35 bytes)
Event: 8.371 Thread 0x00000000186aa800 nmethod 160 0x0000000002fc9510 code [0x0000000002fc96a0, 0x0000000002fc99d8]
Event: 8.376 Thread 0x00000000186a9800 nmethod 159 0x0000000002fcca50 code [0x0000000002fccba0, 0x0000000002fcce78]
Event: 269.570 Thread 0x00000000186aa800  161       1       org.eclipse.jdt.launching.internal.org.objectweb.asm.ClassReader::getItem (7 bytes)
Event: 269.570 Thread 0x00000000186a9800  162       4       org.eclipse.jdt.launching.internal.org.objectweb.asm.ClassReader::readUnsignedShort (26 bytes)
Event: 269.570 Thread 0x00000000186aa800 nmethod 161 0x0000000002fcc710 code [0x0000000002fcc860, 0x0000000002fcc990]
Event: 269.572 Thread 0x00000000186a9800 nmethod 162 0x0000000002fcaed0 code [0x0000000002fcb020, 0x0000000002fcb118]

GC Heap History (0 events):
No events

Deoptimization events (0 events):
No events

Classes redefined (7 events):
Event: 87.741 Thread 0x0000000017968000 redefined class name=RMain4, count=1
Event: 269.571 Thread 0x0000000017968000 redefined class name=RMain4, count=2
Event: 308.533 Thread 0x0000000017968000 redefined class name=RMain4, count=3
Event: 986.159 Thread 0x0000000017968000 redefined class name=RMain4, count=4
Event: 1182.134 Thread 0x0000000017968000 redefined class name=RMain4, count=5
Event: 1736.135 Thread 0x0000000017968000 redefined class name=RMain4, count=6
Event: 1846.271 Thread 0x0000000017968000 redefined class name=RMain4, count=7

Internal exceptions (6 events):
Event: 0.064 Thread 0x0000000002da8000 Exception <a 'java/lang/NoSuchMethodError': Method sun.misc.Unsafe.defineClass(Ljava/lang/String;[BII)Ljava/lang/Class; name or signature does not match> (0x00000000d5c07cc0) thrown at [C:\ojdkbuild\lookaside\java-1.8.0-openjdk\hotspot\src\share\vm\prims\
Event: 0.064 Thread 0x0000000002da8000 Exception <a 'java/lang/NoSuchMethodError': Method sun.misc.Unsafe.prefetchRead(Ljava/lang/Object;J)V name or signature does not match> (0x00000000d5c07fa8) thrown at [C:\ojdkbuild\lookaside\java-1.8.0-openjdk\hotspot\src\share\vm\prims\jni.cpp, line 4015
Event: 0.623 Thread 0x0000000002da8000 Exception <a 'java/security/PrivilegedActionException'> (0x00000000d62fecb8) thrown at [C:\ojdkbuild\lookaside\java-1.8.0-openjdk\hotspot\src\share\vm\prims\jvm.cpp, line 1531]
Event: 0.623 Thread 0x0000000002da8000 Exception <a 'java/security/PrivilegedActionException'> (0x00000000d62ff0b0) thrown at [C:\ojdkbuild\lookaside\java-1.8.0-openjdk\hotspot\src\share\vm\prims\jvm.cpp, line 1531]
Event: 0.625 Thread 0x0000000002da8000 Exception <a 'java/security/PrivilegedActionException'> (0x00000000d63040c8) thrown at [C:\ojdkbuild\lookaside\java-1.8.0-openjdk\hotspot\src\share\vm\prims\jvm.cpp, line 1531]
Event: 0.625 Thread 0x0000000002da8000 Exception <a 'java/security/PrivilegedActionException'> (0x00000000d63044c0) thrown at [C:\ojdkbuild\lookaside\java-1.8.0-openjdk\hotspot\src\share\vm\prims\jvm.cpp, line 1531]

Events (250 events):
Event: 0.614 loading class java/util/regex/Pattern$CharPropertyNames$4 done
Event: 0.614 loading class java/util/regex/Pattern$CharPropertyNames$7
Event: 0.614 loading class java/util/regex/Pattern$CharPropertyNames$7 done
Event: 0.614 loading class java/util/regex/Pattern$CharPropertyNames$8
Event: 0.614 loading class java/util/regex/Pattern$CharPropertyNames$8 done
Event: 0.614 loading class java/util/regex/Pattern$CharPropertyNames$9
Event: 0.614 loading class java/util/regex/Pattern$CharPropertyNames$9 done
Event: 0.614 loading class java/util/regex/Pattern$CharPropertyNames$10
Event: 0.614 loading class java/util/regex/Pattern$CharPropertyNames$10 done
Event: 0.614 loading class java/util/regex/Pattern$CharPropertyNames$11
Event: 0.614 loading class java/util/regex/Pattern$CharPropertyNames$11 done
Event: 0.614 loading class java/util/regex/Pattern$CharPropertyNames$12
Event: 0.614 loading class java/util/regex/Pattern$CharPropertyNames$12 done
Event: 0.614 loading class java/util/regex/Pattern$CharPropertyNames$13
Event: 0.614 loading class java/util/regex/Pattern$CharPropertyNames$13 done
Event: 0.614 loading class java/util/regex/Pattern$CharPropertyNames$14
Event: 0.615 loading class java/util/regex/Pattern$CharPropertyNames$14 done
Event: 0.615 loading class java/util/regex/Pattern$CharPropertyNames$15
Event: 0.615 loading class java/util/regex/Pattern$CharPropertyNames$15 done
Event: 0.615 loading class java/util/regex/Pattern$CharPropertyNames$16
Event: 0.615 loading class java/util/regex/Pattern$CharPropertyNames$16 done
Event: 0.615 loading class java/util/regex/Pattern$CharPropertyNames$17
Event: 0.615 loading class java/util/regex/Pattern$CharPropertyNames$17 done
Event: 0.615 loading class java/util/regex/Pattern$CharPropertyNames$18
Event: 0.615 loading class java/util/regex/Pattern$CharPropertyNames$18 done
Event: 0.615 loading class java/util/regex/Pattern$CharPropertyNames$19
Event: 0.615 loading class java/util/regex/Pattern$CharPropertyNames$19 done
Event: 0.615 loading class java/util/regex/Pattern$CharPropertyNames$20
Event: 0.615 loading class java/util/regex/Pattern$CharPropertyNames$20 done
Event: 0.615 loading class java/util/regex/Pattern$CharPropertyNames$21
Event: 0.615 loading class java/util/regex/Pattern$CharPropertyNames$21 done
Event: 0.615 loading class java/util/regex/Pattern$CharPropertyNames$22
Event: 0.615 loading class java/util/regex/Pattern$CharPropertyNames$22 done
Event: 0.615 loading class java/util/regex/Pattern$CharPropertyNames$23
Event: 0.615 loading class java/util/regex/Pattern$CharPropertyNames$23 done
Event: 0.615 loading class java/util/regex/Pattern$Curly
Event: 0.615 loading class java/util/regex/Pattern$Curly done
Event: 0.616 loading class java/util/regex/Pattern$All
Event: 0.616 loading class java/util/regex/Pattern$All done
Event: 0.616 loading class java/util/regex/Pattern$BitClass
Event: 0.616 loading class java/util/regex/Pattern$BitClass done
Event: 0.616 loading class java/util/regex/Pattern$1
Event: 0.616 loading class java/util/regex/Pattern$1 done
Event: 0.616 loading class java/util/regex/Pattern$CharProperty$1
Event: 0.616 loading class java/util/regex/Pattern$CharProperty$1 done
Event: 0.616 loading class java/util/regex/Pattern$6
Event: 0.616 loading class java/util/regex/Pattern$6 done
Event: 0.616 loading class java/util/Scanner$1
Event: 0.616 loading class sun/misc/LRUCache
Event: 0.616 loading class sun/misc/LRUCache done
Event: 0.616 loading class java/util/Scanner$1 done
Event: 0.616 loading class java/util/Locale$Category
Event: 0.616 loading class java/util/Locale$Category done
Event: 0.616 loading class java/util/Locale$1
Event: 0.616 loading class java/util/Locale$1 done
Event: 0.617 loading class java/text/NumberFormat
Event: 0.617 loading class java/text/Format
Event: 0.617 loading class java/text/Format done
Event: 0.617 loading class java/text/NumberFormat done
Event: 0.617 loading class java/text/spi/NumberFormatProvider
Event: 0.617 loading class java/util/spi/LocaleServiceProvider
Event: 0.617 loading class java/util/spi/LocaleServiceProvider done
Event: 0.617 loading class java/text/spi/NumberFormatProvider done
Event: 0.617 loading class sun/util/locale/provider/LocaleProviderAdapter
Event: 0.617 loading class sun/util/locale/provider/LocaleProviderAdapter done
Event: 0.617 loading class sun/util/locale/provider/JRELocaleProviderAdapter
Event: 0.617 loading class sun/util/locale/provider/ResourceBundleBasedAdapter
Event: 0.617 loading class sun/util/locale/provider/ResourceBundleBasedAdapter done
Event: 0.617 loading class sun/util/locale/provider/JRELocaleProviderAdapter done
Event: 0.617 loading class sun/util/locale/provider/SPILocaleProviderAdapter
Event: 0.617 loading class sun/util/locale/provider/AuxLocaleProviderAdapter
Event: 0.618 loading class sun/util/locale/provider/AuxLocaleProviderAdapter done
Event: 0.618 loading class sun/util/locale/provider/SPILocaleProviderAdapter done
Event: 0.618 loading class sun/util/locale/provider/AuxLocaleProviderAdapter$NullProvider
Event: 0.618 loading class sun/util/locale/provider/AuxLocaleProviderAdapter$NullProvider done
Event: 0.618 loading class sun/util/locale/provider/LocaleProviderAdapter$Type
Event: 0.618 loading class sun/util/locale/provider/LocaleProviderAdapter$Type done
Event: 0.618 loading class java/util/Collections$UnmodifiableCollection$1
Event: 0.618 loading class java/util/Collections$UnmodifiableCollection$1 done
Event: 0.618 loading class sun/util/locale/provider/LocaleProviderAdapter$1
Event: 0.618 loading class sun/util/locale/provider/LocaleProviderAdapter$1 done
Event: 0.618 loading class sun/util/locale/provider/NumberFormatProviderImpl
Event: 0.618 loading class sun/util/locale/provider/AvailableLanguageTags
Event: 0.618 loading class sun/util/locale/provider/AvailableLanguageTags done
Event: 0.618 loading class sun/util/locale/provider/NumberFormatProviderImpl done
Event: 0.618 loading class sun/util/locale/provider/LocaleDataMetaInfo
Event: 0.618 loading class sun/util/locale/provider/LocaleDataMetaInfo done
Event: 0.619 loading class sun/util/locale/provider/JRELocaleProviderAdapter$1
Event: 0.619 loading class sun/util/locale/provider/JRELocaleProviderAdapter$1 done
Event: 0.619 loading class sun/util/locale/LanguageTag
Event: 0.619 loading class sun/util/locale/LanguageTag done
Event: 0.619 loading class sun/util/locale/provider/LocaleResources
Event: 0.620 loading class sun/util/locale/provider/LocaleResources done
Event: 0.620 loading class sun/util/resources/LocaleData
Event: 0.620 loading class sun/util/resources/LocaleData done
Event: 0.620 loading class sun/util/resources/LocaleData$1
Event: 0.620 loading class sun/util/resources/LocaleData$1 done
Event: 0.620 loading class sun/util/resources/LocaleData$LocaleDataResourceBundleControl
Event: 0.620 loading class java/util/ResourceBundle$Control
Event: 0.620 loading class java/util/ResourceBundle$Control done
Event: 0.620 loading class sun/util/resources/LocaleData$LocaleDataResourceBundleControl done
Event: 0.620 loading class java/util/ResourceBundle$Control$CandidateListCache
Event: 0.620 loading class java/util/ResourceBundle$Control$CandidateListCache done
Event: 0.620 loading class java/util/ResourceBundle
Event: 0.621 loading class java/util/ResourceBundle done
Event: 0.621 loading class java/util/ResourceBundle$1
Event: 0.621 loading class java/util/ResourceBundle$1 done
Event: 0.621 loading class java/util/spi/ResourceBundleControlProvider
Event: 0.621 loading class java/util/spi/ResourceBundleControlProvider done
Event: 0.621 loading class java/util/ServiceLoader
Event: 0.621 loading class java/util/ServiceLoader done
Event: 0.621 loading class java/util/ServiceLoader$LazyIterator
Event: 0.621 loading class java/util/ServiceLoader$LazyIterator done
Event: 0.621 loading class java/util/ServiceLoader$1
Event: 0.621 loading class java/util/ServiceLoader$1 done
Event: 0.621 loading class sun/misc/URLClassPath$2
Event: 0.621 loading class sun/misc/URLClassPath$2 done
Event: 0.621 loading class java/lang/ClassLoader$2
Event: 0.621 loading class java/lang/ClassLoader$2 done
Event: 0.621 loading class sun/misc/URLClassPath$1
Event: 0.622 loading class sun/misc/URLClassPath$1 done
Event: 0.622 loading class java/net/URLClassLoader$3
Event: 0.622 loading class java/net/URLClassLoader$3 done
Event: 0.622 loading class sun/misc/CompoundEnumeration
Event: 0.622 loading class sun/misc/CompoundEnumeration done
Event: 0.622 loading class java/io/FileNotFoundException
Event: 0.622 loading class java/io/FileNotFoundException done
Event: 0.622 Executing VM operation: Deoptimize
Event: 0.622 Executing VM operation: Deoptimize done
Event: 0.623 loading class java/security/PrivilegedActionException
Event: 0.623 loading class java/security/PrivilegedActionException done
Event: 0.623 Thread 0x0000000002da8000 DEOPT PACKING pc=0x0000000002f9d1fc sp=0x000000000275d740
Event: 0.623 Thread 0x0000000002da8000 DEOPT UNPACKING pc=0x0000000002ea75d0 sp=0x000000000275d528 mode 1
Event: 0.625 loading class java/net/URLClassLoader$3$1
Event: 0.625 loading class java/net/URLClassLoader$3$1 done
Event: 0.625 loading class java/util/ResourceBundle$RBClassLoader
Event: 0.625 loading class java/util/ResourceBundle$RBClassLoader done
Event: 0.625 loading class java/util/ResourceBundle$RBClassLoader$1
Event: 0.625 loading class java/util/ResourceBundle$RBClassLoader$1 done
Event: 0.625 loading class java/util/ResourceBundle$CacheKey
Event: 0.625 loading class java/util/ResourceBundle$CacheKey done
Event: 0.626 loading class java/util/ResourceBundle$LoaderReference
Event: 0.626 loading class java/util/ResourceBundle$CacheKeyReference
Event: 0.626 loading class java/util/ResourceBundle$CacheKeyReference done
Event: 0.626 loading class java/util/ResourceBundle$LoaderReference done
Event: 0.626 loading class java/util/ResourceBundle$SingleFormatControl
Event: 0.626 loading class java/util/ResourceBundle$SingleFormatControl done
Event: 0.626 loading class java/util/LinkedList
Event: 0.626 loading class java/util/AbstractSequentialList
Event: 0.626 loading class java/util/AbstractSequentialList done
Event: 0.627 loading class java/util/LinkedList done
Event: 0.627 loading class java/util/LinkedList$Node
Event: 0.627 loading class java/util/LinkedList$Node done
Event: 0.627 loading class sun/text/resources/FormatData
Event: 0.627 loading class sun/util/resources/ParallelListResourceBundle
Event: 0.627 loading class sun/util/resources/ParallelListResourceBundle done
Event: 0.627 loading class sun/text/resources/FormatData done
Event: 0.628 loading class java/util/concurrent/atomic/AtomicMarkableReference
Event: 0.628 loading class java/util/concurrent/atomic/AtomicMarkableReference done
Event: 0.628 loading class java/util/concurrent/atomic/AtomicMarkableReference$Pair
Event: 0.628 loading class java/util/concurrent/atomic/AtomicMarkableReference$Pair done
Event: 0.628 loading class java/util/ResourceBundle$BundleReference
Event: 0.628 loading class java/util/ResourceBundle$BundleReference done
Event: 0.628 loading class sun/text/resources/ko/FormatData_ko
Event: 0.628 loading class sun/text/resources/ko/FormatData_ko done
Event: 0.632 loading class sun/text/resources/ko/FormatData_ko_KR
Event: 0.632 loading class sun/text/resources/ko/FormatData_ko_KR done
Event: 0.632 loading class sun/util/locale/provider/LocaleResources$ResourceReference
Event: 0.632 loading class sun/util/locale/provider/LocaleResources$ResourceReference done
Event: 0.632 loading class java/text/DecimalFormatSymbols
Event: 0.633 loading class java/text/DecimalFormatSymbols done
Event: 0.633 loading class java/text/spi/DecimalFormatSymbolsProvider
Event: 0.633 loading class java/text/spi/DecimalFormatSymbolsProvider done
Event: 0.633 loading class sun/util/locale/provider/DecimalFormatSymbolsProviderImpl
Event: 0.633 loading class sun/util/locale/provider/DecimalFormatSymbolsProviderImpl done
Event: 0.633 loading class sun/util/resources/ParallelListResourceBundle$KeySet
Event: 0.633 loading class sun/util/resources/ParallelListResourceBundle$KeySet done
Event: 0.634 loading class java/util/Currency
Event: 0.634 loading class java/util/Currency done
Event: 0.634 loading class java/util/Currency$1
Event: 0.634 loading class java/util/Currency$1 done
Event: 0.635 loading class java/io/DataInputStream
Event: 0.635 loading class java/io/DataInput
Event: 0.635 loading class java/io/DataInput done
Event: 0.635 loading class java/io/DataInputStream done
Event: 0.637 loading class java/util/spi/CurrencyNameProvider
Event: 0.637 loading class java/util/spi/CurrencyNameProvider done
Event: 0.637 loading class sun/util/locale/provider/LocaleServiceProviderPool
Event: 0.637 loading class sun/util/locale/provider/LocaleServiceProviderPool done
Event: 0.637 loading class java/text/spi/BreakIteratorProvider
Event: 0.637 loading class java/text/spi/BreakIteratorProvider done
Event: 0.637 loading class java/text/spi/CollatorProvider
Event: 0.637 loading class java/text/spi/CollatorProvider done
Event: 0.637 loading class java/text/spi/DateFormatProvider
Event: 0.637 loading class java/text/spi/DateFormatProvider done
Event: 0.637 loading class java/text/spi/DateFormatSymbolsProvider
Event: 0.637 loading class java/text/spi/DateFormatSymbolsProvider done
Event: 0.637 loading class java/util/spi/LocaleNameProvider
Event: 0.637 loading class java/util/spi/LocaleNameProvider done
Event: 0.637 loading class java/util/spi/TimeZoneNameProvider
Event: 0.637 loading class java/util/spi/TimeZoneNameProvider done
Event: 0.637 loading class java/util/spi/CalendarDataProvider
Event: 0.638 loading class java/util/spi/CalendarDataProvider done
Event: 0.638 loading class sun/util/locale/provider/CurrencyNameProviderImpl
Event: 0.638 loading class sun/util/locale/provider/CurrencyNameProviderImpl done
Event: 0.638 loading class sun/util/locale/provider/SPILocaleProviderAdapter$1
Event: 0.638 loading class sun/util/locale/provider/SPILocaleProviderAdapter$1 done
Event: 0.638 loading class java/util/Currency$CurrencyNameGetter
Event: 0.639 loading class sun/util/locale/provider/LocaleServiceProviderPool$LocalizedObjectGetter
Event: 0.639 loading class sun/util/locale/provider/LocaleServiceProviderPool$LocalizedObjectGetter done
Event: 0.639 loading class java/util/Currency$CurrencyNameGetter done
Event: 0.639 loading class sun/util/resources/CurrencyNames
Event: 0.639 loading class sun/util/resources/LocaleNamesBundle
Event: 0.639 loading class sun/util/resources/OpenListResourceBundle
Event: 0.639 loading class sun/util/resources/OpenListResourceBundle done
Event: 0.639 loading class sun/util/resources/LocaleNamesBundle done
Event: 0.639 loading class sun/util/resources/CurrencyNames done
Event: 0.639 loading class sun/util/resources/ko/CurrencyNames_ko
Event: 0.639 loading class sun/util/resources/ko/CurrencyNames_ko done
Event: 0.642 loading class sun/util/resources/ko/CurrencyNames_ko_KR
Event: 0.642 loading class sun/util/resources/ko/CurrencyNames_ko_KR done
Event: 0.643 loading class java/text/DecimalFormat
Event: 0.643 loading class java/text/DecimalFormat done
Event: 0.644 loading class java/text/FieldPosition
Event: 0.644 loading class java/text/FieldPosition done
Event: 0.644 loading class java/text/DigitList
Event: 0.644 loading class java/text/DigitList done
Event: 0.644 loading class java/math/RoundingMode
Event: 0.644 loading class java/math/RoundingMode done
Event: 4.572 Executing VM operation: EnableBiasedLocking
Event: 4.572 Executing VM operation: EnableBiasedLocking done
Event: 87.740 Executing VM operation: RedefineClasses
Event: 87.741 Executing VM operation: RedefineClasses done
Event: 269.570 Executing VM operation: RedefineClasses
Event: 269.571 Executing VM operation: RedefineClasses done
Event: 308.532 Executing VM operation: RedefineClasses
Event: 308.533 Executing VM operation: RedefineClasses done
Event: 986.158 Executing VM operation: RedefineClasses
Event: 986.159 Executing VM operation: RedefineClasses done
Event: 1182.133 Executing VM operation: RedefineClasses
Event: 1182.134 Executing VM operation: RedefineClasses done
Event: 1736.135 Executing VM operation: RedefineClasses
Event: 1736.135 Executing VM operation: RedefineClasses done
Event: 1846.270 Executing VM operation: RedefineClasses
Event: 1846.271 Executing VM operation: RedefineClasses done
Event: 2104.050 Executing VM operation: ChangeBreakpoints
Event: 2104.051 Executing VM operation: ChangeBreakpoints done
Event: 2104.051 Executing VM operation: ChangeBreakpoints
Event: 2104.051 Executing VM operation: ChangeBreakpoints done
Event: 2291.713 Executing VM operation: RedefineClasses


Dynamic libraries:
0x00007ff70c6f0000 - 0x00007ff70c738000 	C:\Program Files\ojdkbuild\java-1.8.0-openjdk-1.8.0.332-1\bin\javaw.exe
0x00007ffd4beb0000 - 0x00007ffd4c0a8000 	C:\WINDOWS\SYSTEM32\ntdll.dll
0x00007ffd4a950000 - 0x00007ffd4aa0d000 	C:\WINDOWS\System32\KERNEL32.DLL
0x00007ffd49be0000 - 0x00007ffd49ed6000 	C:\WINDOWS\System32\KERNELBASE.dll
0x00007ffd4bcb0000 - 0x00007ffd4bd60000 	C:\WINDOWS\System32\ADVAPI32.dll
0x00007ffd4b190000 - 0x00007ffd4b22e000 	C:\WINDOWS\System32\msvcrt.dll
0x00007ffd4bc10000 - 0x00007ffd4bcb0000 	C:\WINDOWS\System32\sechost.dll
0x00007ffd4ad10000 - 0x00007ffd4ae33000 	C:\WINDOWS\System32\RPCRT4.dll
0x00007ffd49b80000 - 0x00007ffd49ba7000 	C:\WINDOWS\System32\bcrypt.dll
0x00007ffd4aff0000 - 0x00007ffd4b18f000 	C:\WINDOWS\System32\USER32.dll
0x00007ffd49bb0000 - 0x00007ffd49bd2000 	C:\WINDOWS\System32\win32u.dll
0x00007ffd4ac30000 - 0x00007ffd4ac5b000 	C:\WINDOWS\System32\GDI32.dll
0x00007ffd49560000 - 0x00007ffd49677000 	C:\WINDOWS\System32\gdi32full.dll
0x00007ffd49ae0000 - 0x00007ffd49b7d000 	C:\WINDOWS\System32\msvcp_win.dll
0x00007ffd499e0000 - 0x00007ffd49ae0000 	C:\WINDOWS\System32\ucrtbase.dll
0x00007ffd38ce0000 - 0x00007ffd38f7a000 	C:\WINDOWS\WinSxS\amd64_microsoft.windows.common-controls_6595b64144ccf1df_6.0.19041.3636_none_60b6a03d71f818d5\COMCTL32.dll
0x00007ffd4abe0000 - 0x00007ffd4ac12000 	C:\WINDOWS\System32\IMM32.DLL
0x000000005c4d0000 - 0x000000005c5a2000 	C:\Program Files\ojdkbuild\java-1.8.0-openjdk-1.8.0.332-1\jre\bin\msvcr100.dll
0x000000005bb90000 - 0x000000005c4c3000 	C:\Program Files\ojdkbuild\java-1.8.0-openjdk-1.8.0.332-1\jre\bin\server\jvm.dll
0x00007ffd4bdc0000 - 0x00007ffd4bdc8000 	C:\WINDOWS\System32\PSAPI.DLL
0x00007ffd33480000 - 0x00007ffd334a7000 	C:\WINDOWS\SYSTEM32\WINMM.dll
0x00007ffd48320000 - 0x00007ffd4832a000 	C:\WINDOWS\SYSTEM32\VERSION.dll
0x00007ffd32a70000 - 0x00007ffd32a79000 	C:\WINDOWS\SYSTEM32\WSOCK32.dll
0x00007ffd4b840000 - 0x00007ffd4b8ab000 	C:\WINDOWS\System32\WS2_32.dll
0x00007ffd448b0000 - 0x00007ffd448bf000 	C:\Program Files\ojdkbuild\java-1.8.0-openjdk-1.8.0.332-1\jre\bin\verify.dll
0x00007ffd3a300000 - 0x00007ffd3a329000 	C:\Program Files\ojdkbuild\java-1.8.0-openjdk-1.8.0.332-1\jre\bin\java.dll
0x00007ffd3a000000 - 0x00007ffd3a035000 	C:\Program Files\ojdkbuild\java-1.8.0-openjdk-1.8.0.332-1\jre\bin\jdwp.dll
0x00007ffd427e0000 - 0x00007ffd427e8000 	C:\Program Files\ojdkbuild\java-1.8.0-openjdk-1.8.0.332-1\jre\bin\npt.dll
0x00007ffd39f80000 - 0x00007ffd39fa3000 	C:\Program Files\ojdkbuild\java-1.8.0-openjdk-1.8.0.332-1\jre\bin\instrument.dll
0x00007ffd3a2e0000 - 0x00007ffd3a2f6000 	C:\Program Files\ojdkbuild\java-1.8.0-openjdk-1.8.0.332-1\jre\bin\zip.dll
0x00007ffd4a010000 - 0x00007ffd4a77b000 	C:\WINDOWS\System32\SHELL32.dll
0x00007ffd47b40000 - 0x00007ffd482de000 	C:\WINDOWS\SYSTEM32\windows.storage.dll
0x00007ffd4b8b0000 - 0x00007ffd4bc03000 	C:\WINDOWS\System32\combase.dll
0x00007ffd48f90000 - 0x00007ffd48fbe000 	C:\WINDOWS\SYSTEM32\Wldp.dll
0x00007ffd49ee0000 - 0x00007ffd49fad000 	C:\WINDOWS\System32\OLEAUT32.dll
0x00007ffd4ac60000 - 0x00007ffd4ad0d000 	C:\WINDOWS\System32\SHCORE.dll
0x00007ffd49fb0000 - 0x00007ffd4a005000 	C:\WINDOWS\System32\shlwapi.dll
0x00007ffd49490000 - 0x00007ffd494b3000 	C:\WINDOWS\SYSTEM32\profapi.dll
0x00007ffd427d0000 - 0x00007ffd427d9000 	C:\Program Files\ojdkbuild\java-1.8.0-openjdk-1.8.0.332-1\jre\bin\dt_socket.dll
0x00007ffd34660000 - 0x00007ffd34677000 	C:\WINDOWS\system32\napinsp.dll
0x00007ffd2c430000 - 0x00007ffd2c44b000 	C:\WINDOWS\system32\pnrpnsp.dll
0x00007ffd43c30000 - 0x00007ffd43c45000 	C:\WINDOWS\system32\wshbth.dll
0x00007ffd40920000 - 0x00007ffd4093d000 	C:\WINDOWS\system32\NLAapi.dll
0x00007ffd48980000 - 0x00007ffd489bb000 	C:\WINDOWS\SYSTEM32\IPHLPAPI.DLL
0x00007ffd48cf0000 - 0x00007ffd48d5a000 	C:\WINDOWS\System32\mswsock.dll
0x00007ffd489c0000 - 0x00007ffd48a8b000 	C:\WINDOWS\SYSTEM32\DNSAPI.dll
0x00007ffd4be60000 - 0x00007ffd4be68000 	C:\WINDOWS\System32\NSI.dll
0x00007ffd2c410000 - 0x00007ffd2c422000 	C:\WINDOWS\System32\winrnr.dll
0x00007ffd36330000 - 0x00007ffd363b0000 	C:\WINDOWS\System32\fwpuclnt.dll
0x00007ffd40770000 - 0x00007ffd4077a000 	C:\Windows\System32\rasadhlp.dll
0x00007ffd47160000 - 0x00007ffd47344000 	C:\WINDOWS\SYSTEM32\dbghelp.dll
0x00007ffd49680000 - 0x00007ffd49702000 	C:\WINDOWS\System32\bcryptPrimitives.dll

VM Arguments:
jvm_args: -agentlib:jdwp=transport=dt_socket,suspend=y,address=localhost:2707 -javaagent:C:\Users\cloud\OneDrive\ \eclipse\configuration\org.eclipse.osgi\424\0\.cp\lib\javaagent-shaded.jar -Dfile.encoding=UTF-8 
java_command: RMain4
java_class_path (initial): C:\Users\cloud\OneDrive\ \Java\May13_1_RepeatStmt\bin;C:\Users\cloud\OneDrive\ \eclipse\configuration\org.eclipse.osgi\424\0\.cp\lib\javaagent-shaded.jar
Launcher Type: SUN_STANDARD

Environment Variables:
PATH=C:/Users/cloud/OneDrive/ /eclipse//plugins/org.eclipse.justj.openjdk.hotspot.jre.full.win32.x86_64_17.0.6.v20230204-1729/jre/bin/server;C:/Users/cloud/OneDrive/ /eclipse//plugins/org.eclipse.justj.openjdk.hotspot.jre.full.win32.x86_64_17.0.6.v20230204-1729/jre/bin;C:\Program Files (x86)\Common Files\Oracle\Java\javapath;C:\Program Files (x86)\Intel\Intel(R) Management Engine Components\iCLS\;C:\Program Files\Intel\Intel(R) Management Engine Components\iCLS\;C:\WINDOWS\system32;C:\WINDOWS;C:\WINDOWS\System32\Wbem;C:\WINDOWS\System32\WindowsPowerShell\v1.0\;C:\WINDOWS\System32\OpenSSH\;C:\Program Files (x86)\Intel\Intel(R) Management Engine Components\DAL;C:\Program Files\Intel\Intel(R) Management Engine Components\DAL;C:\Program Files\Intel\WiFi\bin\;C:\Program Files\Common Files\Intel\WirelessCommon\;C:\Program Files\dotnet\;C:\Program Files\ojdkbuild\java-1.8.0-openjdk-1.8.0.332-1\bin;C:\Program Files\ojdkbuild\java-1.8.0-openjdk-1.8.0.332-1\jre\bin;C:\Users\cloud\AppData\Local\Microsoft\WindowsApps;C:\Program Files\Bandizip\;;C:\Users\cloud\AppData\Local\Programs\Microsoft VS Code\bin;C:\Users\cloud\OneDrive\ \eclipse;
USERNAME=cloud
OS=Windows_NT
PROCESSOR_IDENTIFIER=Intel64 Family 6 Model 142 Stepping 9, GenuineIntel



---------------  S Y S T E M  ---------------

OS: Windows 10.0 , 64 bit Build 19041 (10.0.19041.3636)

CPU:total 4 (initial active 4) (2 cores per cpu, 2 threads per core) family 6 model 142 stepping 9, cmov, cx8, fxsr, mmx, sse, sse2, sse3, ssse3, sse4.1, sse4.2, popcnt, avx, avx2, aes, clmul, erms, 3dnowpref, lzcnt, ht, tsc, tscinvbit, bmi1, bmi2, adx

Memory: 4k page, physical 8300264k(3123868k free), swap 10528488k(4011548k free)

vm_info: OpenJDK 64-Bit Server VM (25.332-b09) for windows-amd64 JRE (1.8.0_332-b09), built on May  3 2022 02:38:43 by "Administrator" with MS VC++ 10.0 (VS2010)

time: Mon May 13 12:24:34 2024
timezone:  
elapsed time: 2291.784056 seconds (0d 0h 38m 11s)

